<?xml version="1.0" encoding="UTF-8"?>
<!-- Generated by org.testng.reporters.JUnitReportReporter -->
<testsuite hostname="Prabhu" failures="0" tests="3" name="com.runner.Runner" time="101.254" errors="0" timestamp="2023-10-11T18:41:51 IST" skipped="0">
  <testcase classname="com.runner.Runner" name="LoginPage" time="0.683"/>
  <testcase classname="com.runner.Runner" name="ChooseAOutStationOneWayCab" time="83.814"/>
  <testcase classname="com.runner.Runner" name="SelectACars" time="16.757"/>
</testsuite> <!-- com.runner.Runner -->
